<?xml version="1.0" encoding="UTF-8"?>
<testsuite xmlns:xsi="http://www.w3.org/2001/XMLSchema-instance" xsi:noNamespaceSchemaLocation="https://maven.apache.org/surefire/maven-surefire-plugin/xsd/surefire-test-report-3.0.xsd" version="3.0" name="DGQuotationServiceUnitTest" time="0.994" tests="1" errors="0" skipped="0" failures="0">
  <properties>
    <property name="gopherProxySet" value="false"/>
    <property name="awt.toolkit" value="sun.lwawt.macosx.LWCToolkit"/>
    <property name="file.encoding.pkg" value="sun.io"/>
    <property name="java.specification.version" value="1.8"/>
    <property name="sun.cpu.isalist" value=""/>
    <property name="sun.jnu.encoding" value="UTF-8"/>
    <property name="java.class.path" value="/Users/itgel98/Desktop/Masters/Masters Semester 4/COMP41720-Distributed Systems/Lab3/quoco-ws/task3/dodgygeezers/target/test-classes:/Users/itgel98/Desktop/Masters/Masters Semester 4/COMP41720-Distributed Systems/Lab3/quoco-ws/task3/dodgygeezers/target/classes:/Users/itgel98/Desktop/Masters/Masters Semester 4/COMP41720-Distributed Systems/Lab3/quoco-ws/task3/core/target/core-0.0.1.jar:/Users/itgel98/.m2/repository/junit/junit/4.12/junit-4.12.jar:/Users/itgel98/.m2/repository/org/hamcrest/hamcrest-core/1.3/hamcrest-core-1.3.jar:/Users/itgel98/.m2/repository/com/sun/xml/ws/jaxws-rt/2.3.3/jaxws-rt-2.3.3.jar:/Users/itgel98/.m2/repository/com/sun/xml/ws/policy/2.7.10/policy-2.7.10.jar:/Users/itgel98/.m2/repository/com/sun/xml/bind/jaxb-impl/2.3.3/jaxb-impl-2.3.3.jar:/Users/itgel98/.m2/repository/org/glassfish/ha/ha-api/3.1.12/ha-api-3.1.12.jar:/Users/itgel98/.m2/repository/org/glassfish/external/management-api/3.2.2/management-api-3.2.2.jar:/Users/itgel98/.m2/repository/org/glassfish/gmbal/gmbal/4.0.1/gmbal-4.0.1.jar:/Users/itgel98/.m2/repository/org/glassfish/pfl/pfl-tf/4.1.0/pfl-tf-4.1.0.jar:/Users/itgel98/.m2/repository/org/glassfish/pfl/pfl-basic/4.1.0/pfl-basic-4.1.0.jar:/Users/itgel98/.m2/repository/org/jvnet/staxex/stax-ex/1.8.3/stax-ex-1.8.3.jar:/Users/itgel98/.m2/repository/com/sun/xml/stream/buffer/streambuffer/1.5.9/streambuffer-1.5.9.jar:/Users/itgel98/.m2/repository/org/jvnet/mimepull/mimepull/1.9.13/mimepull-1.9.13.jar:/Users/itgel98/.m2/repository/com/sun/xml/fastinfoset/FastInfoset/1.2.18/FastInfoset-1.2.18.jar:/Users/itgel98/.m2/repository/com/sun/activation/jakarta.activation/1.2.2/jakarta.activation-1.2.2.jar:/Users/itgel98/.m2/repository/com/sun/xml/messaging/saaj/saaj-impl/1.5.2/saaj-impl-1.5.2.jar:/Users/itgel98/.m2/repository/com/fasterxml/woodstox/woodstox-core/5.1.0/woodstox-core-5.1.0.jar:/Users/itgel98/.m2/repository/org/codehaus/woodstox/stax2-api/4.1/stax2-api-4.1.jar:/Users/itgel98/.m2/repository/com/sun/xml/ws/jaxws-tools/2.3.3/jaxws-tools-2.3.3.jar:/Users/itgel98/.m2/repository/com/sun/xml/bind/jaxb-xjc/2.3.3/jaxb-xjc-2.3.3.jar:/Users/itgel98/.m2/repository/com/sun/xml/bind/jaxb-jxc/2.3.3/jaxb-jxc-2.3.3.jar:/Users/itgel98/.m2/repository/com/sun/xml/ws/jaxws-eclipselink-plugin/2.3.3/jaxws-eclipselink-plugin-2.3.3.jar:/Users/itgel98/.m2/repository/jakarta/persistence/jakarta.persistence-api/2.2.3/jakarta.persistence-api-2.2.3.jar:/Users/itgel98/.m2/repository/org/eclipse/persistence/org.eclipse.persistence.moxy/2.7.6/org.eclipse.persistence.moxy-2.7.6.jar:/Users/itgel98/.m2/repository/org/eclipse/persistence/org.eclipse.persistence.core/2.7.6/org.eclipse.persistence.core-2.7.6.jar:/Users/itgel98/.m2/repository/org/eclipse/persistence/org.eclipse.persistence.asm/2.7.6/org.eclipse.persistence.asm-2.7.6.jar:/Users/itgel98/.m2/repository/com/sun/mail/jakarta.mail/1.6.5/jakarta.mail-1.6.5.jar:/Users/itgel98/.m2/repository/com/sun/xml/ws/sdo-eclipselink-plugin/2.3.3/sdo-eclipselink-plugin-2.3.3.jar:/Users/itgel98/.m2/repository/org/eclipse/persistence/org.eclipse.persistence.sdo/2.7.6/org.eclipse.persistence.sdo-2.7.6.jar:/Users/itgel98/.m2/repository/org/eclipse/persistence/commonj.sdo/2.1.1/commonj.sdo-2.1.1.jar:/Users/itgel98/.m2/repository/jakarta/xml/ws/jakarta.xml.ws-api/2.3.3/jakarta.xml.ws-api-2.3.3.jar:/Users/itgel98/.m2/repository/jakarta/xml/bind/jakarta.xml.bind-api/2.3.3/jakarta.xml.bind-api-2.3.3.jar:/Users/itgel98/.m2/repository/jakarta/xml/soap/jakarta.xml.soap-api/1.4.2/jakarta.xml.soap-api-1.4.2.jar:/Users/itgel98/.m2/repository/jakarta/jws/jakarta.jws-api/2.1.0/jakarta.jws-api-2.1.0.jar:/Users/itgel98/.m2/repository/jakarta/annotation/jakarta.annotation-api/1.3.5/jakarta.annotation-api-1.3.5.jar:"/>
    <property name="java.vm.vendor" value="Amazon.com Inc."/>
    <property name="sun.arch.data.model" value="64"/>
    <property name="java.vendor.url" value="https://aws.amazon.com/corretto/"/>
    <property name="user.timezone" value=""/>
    <property name="user.country.format" value="IE"/>
    <property name="java.vm.specification.version" value="1.8"/>
    <property name="os.name" value="Mac OS X"/>
    <property name="user.country" value="GB"/>
    <property name="sun.java.launcher" value="SUN_STANDARD"/>
    <property name="sun.boot.library.path" value="/Users/itgel98/.sdkman/candidates/java/8.0.382-amzn/jre/lib"/>
    <property name="sun.java.command" value="/Users/itgel98/Desktop/Masters/Masters Semester 4/COMP41720-Distributed Systems/Lab3/quoco-ws/task3/dodgygeezers/target/surefire/surefirebooter-20231007120736511_12.jar /Users/itgel98/Desktop/Masters/Masters Semester 4/COMP41720-Distributed Systems/Lab3/quoco-ws/task3/dodgygeezers/target/surefire 2023-10-07T12-07-32_526-jvmRun1 surefire-20231007120736511_10tmp surefire_2-20231007120736511_11tmp"/>
    <property name="surefire.test.class.path" value="/Users/itgel98/Desktop/Masters/Masters Semester 4/COMP41720-Distributed Systems/Lab3/quoco-ws/task3/dodgygeezers/target/test-classes:/Users/itgel98/Desktop/Masters/Masters Semester 4/COMP41720-Distributed Systems/Lab3/quoco-ws/task3/dodgygeezers/target/classes:/Users/itgel98/Desktop/Masters/Masters Semester 4/COMP41720-Distributed Systems/Lab3/quoco-ws/task3/core/target/core-0.0.1.jar:/Users/itgel98/.m2/repository/junit/junit/4.12/junit-4.12.jar:/Users/itgel98/.m2/repository/org/hamcrest/hamcrest-core/1.3/hamcrest-core-1.3.jar:/Users/itgel98/.m2/repository/com/sun/xml/ws/jaxws-rt/2.3.3/jaxws-rt-2.3.3.jar:/Users/itgel98/.m2/repository/com/sun/xml/ws/policy/2.7.10/policy-2.7.10.jar:/Users/itgel98/.m2/repository/com/sun/xml/bind/jaxb-impl/2.3.3/jaxb-impl-2.3.3.jar:/Users/itgel98/.m2/repository/org/glassfish/ha/ha-api/3.1.12/ha-api-3.1.12.jar:/Users/itgel98/.m2/repository/org/glassfish/external/management-api/3.2.2/management-api-3.2.2.jar:/Users/itgel98/.m2/repository/org/glassfish/gmbal/gmbal/4.0.1/gmbal-4.0.1.jar:/Users/itgel98/.m2/repository/org/glassfish/pfl/pfl-tf/4.1.0/pfl-tf-4.1.0.jar:/Users/itgel98/.m2/repository/org/glassfish/pfl/pfl-basic/4.1.0/pfl-basic-4.1.0.jar:/Users/itgel98/.m2/repository/org/jvnet/staxex/stax-ex/1.8.3/stax-ex-1.8.3.jar:/Users/itgel98/.m2/repository/com/sun/xml/stream/buffer/streambuffer/1.5.9/streambuffer-1.5.9.jar:/Users/itgel98/.m2/repository/org/jvnet/mimepull/mimepull/1.9.13/mimepull-1.9.13.jar:/Users/itgel98/.m2/repository/com/sun/xml/fastinfoset/FastInfoset/1.2.18/FastInfoset-1.2.18.jar:/Users/itgel98/.m2/repository/com/sun/activation/jakarta.activation/1.2.2/jakarta.activation-1.2.2.jar:/Users/itgel98/.m2/repository/com/sun/xml/messaging/saaj/saaj-impl/1.5.2/saaj-impl-1.5.2.jar:/Users/itgel98/.m2/repository/com/fasterxml/woodstox/woodstox-core/5.1.0/woodstox-core-5.1.0.jar:/Users/itgel98/.m2/repository/org/codehaus/woodstox/stax2-api/4.1/stax2-api-4.1.jar:/Users/itgel98/.m2/repository/com/sun/xml/ws/jaxws-tools/2.3.3/jaxws-tools-2.3.3.jar:/Users/itgel98/.m2/repository/com/sun/xml/bind/jaxb-xjc/2.3.3/jaxb-xjc-2.3.3.jar:/Users/itgel98/.m2/repository/com/sun/xml/bind/jaxb-jxc/2.3.3/jaxb-jxc-2.3.3.jar:/Users/itgel98/.m2/repository/com/sun/xml/ws/jaxws-eclipselink-plugin/2.3.3/jaxws-eclipselink-plugin-2.3.3.jar:/Users/itgel98/.m2/repository/jakarta/persistence/jakarta.persistence-api/2.2.3/jakarta.persistence-api-2.2.3.jar:/Users/itgel98/.m2/repository/org/eclipse/persistence/org.eclipse.persistence.moxy/2.7.6/org.eclipse.persistence.moxy-2.7.6.jar:/Users/itgel98/.m2/repository/org/eclipse/persistence/org.eclipse.persistence.core/2.7.6/org.eclipse.persistence.core-2.7.6.jar:/Users/itgel98/.m2/repository/org/eclipse/persistence/org.eclipse.persistence.asm/2.7.6/org.eclipse.persistence.asm-2.7.6.jar:/Users/itgel98/.m2/repository/com/sun/mail/jakarta.mail/1.6.5/jakarta.mail-1.6.5.jar:/Users/itgel98/.m2/repository/com/sun/xml/ws/sdo-eclipselink-plugin/2.3.3/sdo-eclipselink-plugin-2.3.3.jar:/Users/itgel98/.m2/repository/org/eclipse/persistence/org.eclipse.persistence.sdo/2.7.6/org.eclipse.persistence.sdo-2.7.6.jar:/Users/itgel98/.m2/repository/org/eclipse/persistence/commonj.sdo/2.1.1/commonj.sdo-2.1.1.jar:/Users/itgel98/.m2/repository/jakarta/xml/ws/jakarta.xml.ws-api/2.3.3/jakarta.xml.ws-api-2.3.3.jar:/Users/itgel98/.m2/repository/jakarta/xml/bind/jakarta.xml.bind-api/2.3.3/jakarta.xml.bind-api-2.3.3.jar:/Users/itgel98/.m2/repository/jakarta/xml/soap/jakarta.xml.soap-api/1.4.2/jakarta.xml.soap-api-1.4.2.jar:/Users/itgel98/.m2/repository/jakarta/jws/jakarta.jws-api/2.1.0/jakarta.jws-api-2.1.0.jar:/Users/itgel98/.m2/repository/jakarta/annotation/jakarta.annotation-api/1.3.5/jakarta.annotation-api-1.3.5.jar:"/>
    <property name="sun.cpu.endian" value="little"/>
    <property name="user.home" value="/Users/itgel98"/>
    <property name="user.language" value="en"/>
    <property name="java.specification.vendor" value="Oracle Corporation"/>
    <property name="java.home" value="/Users/itgel98/.sdkman/candidates/java/8.0.382-amzn/jre"/>
    <property name="basedir" value="/Users/itgel98/Desktop/Masters/Masters Semester 4/COMP41720-Distributed Systems/Lab3/quoco-ws/task3/dodgygeezers"/>
    <property name="file.separator" value="/"/>
    <property name="line.separator" value="&#10;"/>
    <property name="java.vm.specification.vendor" value="Oracle Corporation"/>
    <property name="java.specification.name" value="Java Platform API Specification"/>
    <property name="java.awt.graphicsenv" value="sun.awt.CGraphicsEnvironment"/>
    <property name="surefire.real.class.path" value="/Users/itgel98/Desktop/Masters/Masters Semester 4/COMP41720-Distributed Systems/Lab3/quoco-ws/task3/dodgygeezers/target/surefire/surefirebooter-20231007120736511_12.jar"/>
    <property name="sun.boot.class.path" value="/Users/itgel98/.sdkman/candidates/java/8.0.382-amzn/jre/lib/resources.jar:/Users/itgel98/.sdkman/candidates/java/8.0.382-amzn/jre/lib/rt.jar:/Users/itgel98/.sdkman/candidates/java/8.0.382-amzn/jre/lib/sunrsasign.jar:/Users/itgel98/.sdkman/candidates/java/8.0.382-amzn/jre/lib/jsse.jar:/Users/itgel98/.sdkman/candidates/java/8.0.382-amzn/jre/lib/jce.jar:/Users/itgel98/.sdkman/candidates/java/8.0.382-amzn/jre/lib/charsets.jar:/Users/itgel98/.sdkman/candidates/java/8.0.382-amzn/jre/lib/jfr.jar:/Users/itgel98/.sdkman/candidates/java/8.0.382-amzn/jre/classes"/>
    <property name="sun.management.compiler" value="HotSpot 64-Bit Tiered Compilers"/>
    <property name="java.runtime.version" value="1.8.0_382-b05"/>
    <property name="user.name" value="itgel98"/>
    <property name="path.separator" value=":"/>
    <property name="os.version" value="14.0"/>
    <property name="java.endorsed.dirs" value="/Users/itgel98/.sdkman/candidates/java/8.0.382-amzn/jre/lib/endorsed"/>
    <property name="java.runtime.name" value="OpenJDK Runtime Environment"/>
    <property name="file.encoding" value="UTF-8"/>
    <property name="java.vm.name" value="OpenJDK 64-Bit Server VM"/>
    <property name="localRepository" value="/Users/itgel98/.m2/repository"/>
    <property name="java.vendor.url.bug" value="https://github.com/corretto/corretto-8/issues/"/>
    <property name="java.io.tmpdir" value="/var/folders/1q/cpldm3v5581cklnhmfw0h_fm0000gn/T/"/>
    <property name="java.version" value="1.8.0_382"/>
    <property name="user.dir" value="/Users/itgel98/Desktop/Masters/Masters Semester 4/COMP41720-Distributed Systems/Lab3/quoco-ws/task3/dodgygeezers"/>
    <property name="os.arch" value="aarch64"/>
    <property name="java.vm.specification.name" value="Java Virtual Machine Specification"/>
    <property name="java.awt.printerjob" value="sun.lwawt.macosx.CPrinterJob"/>
    <property name="sun.os.patch.level" value="unknown"/>
    <property name="java.library.path" value="/Users/itgel98/Library/Java/Extensions:/Library/Java/Extensions:/Network/Library/Java/Extensions:/System/Library/Java/Extensions:/usr/lib/java:."/>
    <property name="java.vm.info" value="mixed mode"/>
    <property name="java.vendor" value="Amazon.com Inc."/>
    <property name="java.vm.version" value="25.382-b05"/>
    <property name="java.specification.maintenance.version" value="5"/>
    <property name="java.ext.dirs" value="/Users/itgel98/Library/Java/Extensions:/Users/itgel98/.sdkman/candidates/java/8.0.382-amzn/jre/lib/ext:/Library/Java/Extensions:/Network/Library/Java/Extensions:/System/Library/Java/Extensions:/usr/lib/java"/>
    <property name="sun.io.unicode.encoding" value="UnicodeBig"/>
    <property name="java.class.version" value="52.0"/>
  </properties>
  <testcase name="connectionTest" classname="DGQuotationServiceUnitTest" time="0.081">
    <system-err><![CDATA[Oct 07, 2023 12:07:37 PM com.sun.xml.ws.server.MonitorBase createRoot
INFO: Metro monitoring rootname successfully set to: com.sun.metro:pp=/,type=WSEndpoint,name=QuotationService-QuotationServicePort
]]></system-err>
  </testcase>
</testsuite>