<?xml version="1.0" encoding="UTF-8"?>
<testsuite xmlns:xsi="http://www.w3.org/2001/XMLSchema-instance" xsi:noNamespaceSchemaLocation="https://maven.apache.org/surefire/maven-surefire-plugin/xsd/surefire-test-report-3.0.xsd" version="3.0" name="BrokerQuoterTests" time="2.602" tests="1" errors="0" skipped="0" failures="0">
  <properties>
    <property name="gopherProxySet" value="false"/>
    <property name="awt.toolkit" value="sun.lwawt.macosx.LWCToolkit"/>
    <property name="file.encoding.pkg" value="sun.io"/>
    <property name="java.specification.version" value="1.8"/>
    <property name="sun.cpu.isalist" value=""/>
    <property name="sun.jnu.encoding" value="UTF-8"/>
    <property name="java.class.path" value="/Users/itgel98/Desktop/Masters/Masters Semester 4/COMP41720-Distributed Systems/Lab6/lifeco-akka/task3/broker/target/test-classes:/Users/itgel98/Desktop/Masters/Masters Semester 4/COMP41720-Distributed Systems/Lab6/lifeco-akka/task3/broker/target/classes:/Users/itgel98/.m2/repository/lifeco-akka/core/0.0.1/core-0.0.1.jar:/Users/itgel98/.m2/repository/com/typesafe/akka/akka-actor_2.12/2.6.20/akka-actor_2.12-2.6.20.jar:/Users/itgel98/.m2/repository/org/scala-lang/scala-library/2.12.16/scala-library-2.12.16.jar:/Users/itgel98/.m2/repository/com/typesafe/config/1.4.2/config-1.4.2.jar:/Users/itgel98/.m2/repository/org/scala-lang/modules/scala-java8-compat_2.12/0.8.0/scala-java8-compat_2.12-0.8.0.jar:/Users/itgel98/.m2/repository/junit/junit/4.12/junit-4.12.jar:/Users/itgel98/.m2/repository/org/hamcrest/hamcrest-core/1.3/hamcrest-core-1.3.jar:/Users/itgel98/.m2/repository/com/typesafe/akka/akka-testkit_2.12/2.6.20/akka-testkit_2.12-2.6.20.jar:/Users/itgel98/.m2/repository/lifeco-akka/auldfellas/0.0.1/auldfellas-0.0.1.jar:/Users/itgel98/.m2/repository/lifeco-akka/girlsallowed/0.0.1/girlsallowed-0.0.1.jar:/Users/itgel98/.m2/repository/lifeco-akka/dodgygeezers/0.0.1/dodgygeezers-0.0.1.jar:"/>
    <property name="java.vm.vendor" value="Amazon.com Inc."/>
    <property name="sun.arch.data.model" value="64"/>
    <property name="java.vendor.url" value="https://aws.amazon.com/corretto/"/>
    <property name="user.timezone" value=""/>
    <property name="user.country.format" value="IE"/>
    <property name="java.vm.specification.version" value="1.8"/>
    <property name="os.name" value="Mac OS X"/>
    <property name="user.country" value="GB"/>
    <property name="sun.java.launcher" value="SUN_STANDARD"/>
    <property name="sun.boot.library.path" value="/Users/itgel98/.sdkman/candidates/java/8.0.382-amzn/jre/lib"/>
    <property name="sun.java.command" value="/Users/itgel98/Desktop/Masters/Masters Semester 4/COMP41720-Distributed Systems/Lab6/lifeco-akka/task3/broker/target/surefire/surefirebooter-20231102083325534_3.jar /Users/itgel98/Desktop/Masters/Masters Semester 4/COMP41720-Distributed Systems/Lab6/lifeco-akka/task3/broker/target/surefire 2023-11-02T08-33-25_469-jvmRun1 surefire-20231102083325534_1tmp surefire_0-20231102083325534_2tmp"/>
    <property name="surefire.test.class.path" value="/Users/itgel98/Desktop/Masters/Masters Semester 4/COMP41720-Distributed Systems/Lab6/lifeco-akka/task3/broker/target/test-classes:/Users/itgel98/Desktop/Masters/Masters Semester 4/COMP41720-Distributed Systems/Lab6/lifeco-akka/task3/broker/target/classes:/Users/itgel98/.m2/repository/lifeco-akka/core/0.0.1/core-0.0.1.jar:/Users/itgel98/.m2/repository/com/typesafe/akka/akka-actor_2.12/2.6.20/akka-actor_2.12-2.6.20.jar:/Users/itgel98/.m2/repository/org/scala-lang/scala-library/2.12.16/scala-library-2.12.16.jar:/Users/itgel98/.m2/repository/com/typesafe/config/1.4.2/config-1.4.2.jar:/Users/itgel98/.m2/repository/org/scala-lang/modules/scala-java8-compat_2.12/0.8.0/scala-java8-compat_2.12-0.8.0.jar:/Users/itgel98/.m2/repository/junit/junit/4.12/junit-4.12.jar:/Users/itgel98/.m2/repository/org/hamcrest/hamcrest-core/1.3/hamcrest-core-1.3.jar:/Users/itgel98/.m2/repository/com/typesafe/akka/akka-testkit_2.12/2.6.20/akka-testkit_2.12-2.6.20.jar:/Users/itgel98/.m2/repository/lifeco-akka/auldfellas/0.0.1/auldfellas-0.0.1.jar:/Users/itgel98/.m2/repository/lifeco-akka/girlsallowed/0.0.1/girlsallowed-0.0.1.jar:/Users/itgel98/.m2/repository/lifeco-akka/dodgygeezers/0.0.1/dodgygeezers-0.0.1.jar:"/>
    <property name="sun.cpu.endian" value="little"/>
    <property name="user.home" value="/Users/itgel98"/>
    <property name="user.language" value="en"/>
    <property name="java.specification.vendor" value="Oracle Corporation"/>
    <property name="java.home" value="/Users/itgel98/.sdkman/candidates/java/8.0.382-amzn/jre"/>
    <property name="basedir" value="/Users/itgel98/Desktop/Masters/Masters Semester 4/COMP41720-Distributed Systems/Lab6/lifeco-akka/task3/broker"/>
    <property name="file.separator" value="/"/>
    <property name="line.separator" value="&#10;"/>
    <property name="java.vm.specification.vendor" value="Oracle Corporation"/>
    <property name="java.specification.name" value="Java Platform API Specification"/>
    <property name="java.awt.graphicsenv" value="sun.awt.CGraphicsEnvironment"/>
    <property name="surefire.real.class.path" value="/Users/itgel98/Desktop/Masters/Masters Semester 4/COMP41720-Distributed Systems/Lab6/lifeco-akka/task3/broker/target/surefire/surefirebooter-20231102083325534_3.jar"/>
    <property name="sun.boot.class.path" value="/Users/itgel98/.sdkman/candidates/java/8.0.382-amzn/jre/lib/resources.jar:/Users/itgel98/.sdkman/candidates/java/8.0.382-amzn/jre/lib/rt.jar:/Users/itgel98/.sdkman/candidates/java/8.0.382-amzn/jre/lib/sunrsasign.jar:/Users/itgel98/.sdkman/candidates/java/8.0.382-amzn/jre/lib/jsse.jar:/Users/itgel98/.sdkman/candidates/java/8.0.382-amzn/jre/lib/jce.jar:/Users/itgel98/.sdkman/candidates/java/8.0.382-amzn/jre/lib/charsets.jar:/Users/itgel98/.sdkman/candidates/java/8.0.382-amzn/jre/lib/jfr.jar:/Users/itgel98/.sdkman/candidates/java/8.0.382-amzn/jre/classes"/>
    <property name="sun.management.compiler" value="HotSpot 64-Bit Tiered Compilers"/>
    <property name="java.runtime.version" value="1.8.0_382-b05"/>
    <property name="user.name" value="itgel98"/>
    <property name="path.separator" value=":"/>
    <property name="os.version" value="14.0"/>
    <property name="java.endorsed.dirs" value="/Users/itgel98/.sdkman/candidates/java/8.0.382-amzn/jre/lib/endorsed"/>
    <property name="java.runtime.name" value="OpenJDK Runtime Environment"/>
    <property name="file.encoding" value="UTF-8"/>
    <property name="java.vm.name" value="OpenJDK 64-Bit Server VM"/>
    <property name="localRepository" value="/Users/itgel98/.m2/repository"/>
    <property name="java.vendor.url.bug" value="https://github.com/corretto/corretto-8/issues/"/>
    <property name="java.io.tmpdir" value="/var/folders/1q/cpldm3v5581cklnhmfw0h_fm0000gn/T/"/>
    <property name="java.version" value="1.8.0_382"/>
    <property name="user.dir" value="/Users/itgel98/Desktop/Masters/Masters Semester 4/COMP41720-Distributed Systems/Lab6/lifeco-akka/task3/broker"/>
    <property name="os.arch" value="aarch64"/>
    <property name="java.vm.specification.name" value="Java Virtual Machine Specification"/>
    <property name="java.awt.printerjob" value="sun.lwawt.macosx.CPrinterJob"/>
    <property name="sun.os.patch.level" value="unknown"/>
    <property name="java.library.path" value="/Users/itgel98/Library/Java/Extensions:/Library/Java/Extensions:/Network/Library/Java/Extensions:/System/Library/Java/Extensions:/usr/lib/java:."/>
    <property name="java.vm.info" value="mixed mode"/>
    <property name="java.vendor" value="Amazon.com Inc."/>
    <property name="java.vm.version" value="25.382-b05"/>
    <property name="java.specification.maintenance.version" value="5"/>
    <property name="java.ext.dirs" value="/Users/itgel98/Library/Java/Extensions:/Users/itgel98/.sdkman/candidates/java/8.0.382-amzn/jre/lib/ext:/Library/Java/Extensions:/Network/Library/Java/Extensions:/System/Library/Java/Extensions:/usr/lib/java"/>
    <property name="sun.io.unicode.encoding" value="UnicodeBig"/>
    <property name="java.class.version" value="52.0"/>
  </properties>
  <testcase name="quoterTest" classname="BrokerQuoterTests" time="2.042">
    <system-out><![CDATA[**Register request received from: Actor[akka://default/user/$b#-1562686822]
>>Service registered: [Actor[akka://default/user/$b#-1562686822]]
=>Current Broker instance: Actor[akka://default/user/$a#-1849009573]
**Register request received from: Actor[akka://default/user/$c#355941461]
>>Service registered: [Actor[akka://default/user/$b#-1562686822], Actor[akka://default/user/$c#355941461]]
=>Current Broker instance: Actor[akka://default/user/$a#-1849009573]
**Register request received from: Actor[akka://default/user/$d#627596828]
>>Service registered: [Actor[akka://default/user/$b#-1562686822], Actor[akka://default/user/$c#355941461], Actor[akka://default/user/$d#627596828]]
=>Current Broker instance: Actor[akka://default/user/$a#-1849009573]
Broker received ClientMessageName: Niki Collier age: 49 sex: F height: 1.5494 weight: 80.0 smoker: false medical issues: false
 at 2023-11-02T08:33:26.211
Broker instance:Actor[akka://default/user/$a#-1849009573] sender: Actor[akka://default/system/testProbe-1#-856721024]
List of registered services: [Actor[akka://default/user/$b#-1562686822], Actor[akka://default/user/$c#355941461], Actor[akka://default/user/$d#627596828]]
Broker sending ClientMessage to registered services
Broker sending ClientMessage to registered services
Broker sending ClientMessage to registered services
**AULDFELLAS ACTOR STARTED**
**DODGYGEEZERS ACTOR STARTED**
**GIRLSALLOWED ACTOR STARTED**
Girlsallowed sending message to: Actor[akka://default/user/$a#-1849009573]
Dodgygeezers sending message to: Actor[akka://default/user/$a#-1849009573]
Auldfellas sending message to: Actor[akka://default/user/$a#-1849009573]
Received quotation at Broker from service : Token - 1 Auld Fellas Ltd.  $942.0  AF001000
Received quotation at Broker from service : Token - 1 Dodgy Geezers Corp.  $755.65  DG001000
Received quotation at Broker from service : Token - 1 Girls Allowed Inc.  $637.0  GA001000
Broker received TimeoutMessage
Sending OfferMessage back at 2023-11-02T08:33:28.218
Response from broker: Auld Fellas Ltd.  $942.0  AF001000
Response from broker: Dodgy Geezers Corp.  $755.65  DG001000
Response from broker: Girls Allowed Inc.  $637.0  GA001000
]]></system-out>
  </testcase>
</testsuite>